<?xml version="1.0" encoding="UTF-8"?>
<!-- Generated by org.testng.reporters.JUnitReportReporter -->
<testsuite hostname="Oraib" failures="0" tests="1" name="MyTests" time="8.018" errors="0" timestamp="2023-02-26T07:17:09 GMT+02:00" skipped="0">
  <testcase classname="MyTests" name="testOne" time="8.018"/>
  <system-out/>
</testsuite> <!-- MyTests -->
